<?xml version="1.0" encoding="UTF-8"?>
<testsuite xmlns:xsi="http://www.w3.org/2001/XMLSchema-instance" xsi:noNamespaceSchemaLocation="https://maven.apache.org/surefire/maven-surefire-plugin/xsd/surefire-test-report-3.0.xsd" version="3.0" name="TestSuite" time="23.776" tests="6" errors="0" skipped="0" failures="0">
  <properties>
    <property name="java.specification.version" value="19"/>
    <property name="sun.cpu.isalist" value="amd64"/>
    <property name="sun.jnu.encoding" value="Cp1254"/>
    <property name="java.class.path" value="C:\Users\Bilal\IdeaProjects\Restful-Booker_With_Rest_Assured\target\test-classes;C:\Users\Bilal\IdeaProjects\Restful-Booker_With_Rest_Assured\target\classes;C:\Users\Bilal\.m2\repository\io\rest-assured\rest-assured\4.3.3\rest-assured-4.3.3.jar;C:\Users\Bilal\.m2\repository\org\codehaus\groovy\groovy\3.0.7\groovy-3.0.7.jar;C:\Users\Bilal\.m2\repository\org\codehaus\groovy\groovy-xml\3.0.7\groovy-xml-3.0.7.jar;C:\Users\Bilal\.m2\repository\org\apache\httpcomponents\httpclient\4.5.3\httpclient-4.5.3.jar;C:\Users\Bilal\.m2\repository\org\apache\httpcomponents\httpcore\4.4.6\httpcore-4.4.6.jar;C:\Users\Bilal\.m2\repository\commons-logging\commons-logging\1.2\commons-logging-1.2.jar;C:\Users\Bilal\.m2\repository\commons-codec\commons-codec\1.9\commons-codec-1.9.jar;C:\Users\Bilal\.m2\repository\org\apache\httpcomponents\httpmime\4.5.3\httpmime-4.5.3.jar;C:\Users\Bilal\.m2\repository\org\hamcrest\hamcrest\2.1\hamcrest-2.1.jar;C:\Users\Bilal\.m2\repository\org\ccil\cowan\tagsoup\tagsoup\1.2.1\tagsoup-1.2.1.jar;C:\Users\Bilal\.m2\repository\io\rest-assured\json-path\4.3.3\json-path-4.3.3.jar;C:\Users\Bilal\.m2\repository\org\codehaus\groovy\groovy-json\3.0.7\groovy-json-3.0.7.jar;C:\Users\Bilal\.m2\repository\io\rest-assured\rest-assured-common\4.3.3\rest-assured-common-4.3.3.jar;C:\Users\Bilal\.m2\repository\io\rest-assured\xml-path\4.3.3\xml-path-4.3.3.jar;C:\Users\Bilal\.m2\repository\jakarta\xml\bind\jakarta.xml.bind-api\2.3.3\jakarta.xml.bind-api-2.3.3.jar;C:\Users\Bilal\.m2\repository\jakarta\activation\jakarta.activation-api\1.2.2\jakarta.activation-api-1.2.2.jar;C:\Users\Bilal\.m2\repository\com\sun\xml\bind\jaxb-impl\2.3.3\jaxb-impl-2.3.3.jar;C:\Users\Bilal\.m2\repository\junit\junit\4.13\junit-4.13.jar;C:\Users\Bilal\.m2\repository\org\hamcrest\hamcrest-core\1.3\hamcrest-core-1.3.jar;C:\Users\Bilal\.m2\repository\org\json\json\20190722\json-20190722.jar;C:\Users\Bilal\.m2\repository\com\google\code\gson\gson\2.9.0\gson-2.9.0.jar;C:\Users\Bilal\.m2\repository\org\projectlombok\lombok\1.18.22\lombok-1.18.22.jar;C:\Users\Bilal\.m2\repository\org\testng\testng\7.7.0\testng-7.7.0.jar;C:\Users\Bilal\.m2\repository\org\slf4j\slf4j-api\1.7.36\slf4j-api-1.7.36.jar;C:\Users\Bilal\.m2\repository\com\beust\jcommander\1.82\jcommander-1.82.jar;C:\Users\Bilal\.m2\repository\org\webjars\jquery\3.6.1\jquery-3.6.1.jar;C:\Users\Bilal\.m2\repository\com\github\javafaker\javafaker\1.0.2\javafaker-1.0.2.jar;C:\Users\Bilal\.m2\repository\org\apache\commons\commons-lang3\3.5\commons-lang3-3.5.jar;C:\Users\Bilal\.m2\repository\org\yaml\snakeyaml\1.23\snakeyaml-1.23-android.jar;C:\Users\Bilal\.m2\repository\com\github\mifmif\generex\1.0.2\generex-1.0.2.jar;C:\Users\Bilal\.m2\repository\dk\brics\automaton\automaton\1.11-8\automaton-1.11-8.jar;"/>
    <property name="java.vm.vendor" value="Oracle Corporation"/>
    <property name="sun.arch.data.model" value="64"/>
    <property name="user.variant" value=""/>
    <property name="java.vendor.url" value="https://java.oracle.com/"/>
    <property name="user.timezone" value="Europe/Istanbul"/>
    <property name="os.name" value="Windows 11"/>
    <property name="java.vm.specification.version" value="19"/>
    <property name="sun.java.launcher" value="SUN_STANDARD"/>
    <property name="user.country" value="TR"/>
    <property name="sun.boot.library.path" value="C:\Program Files\Java\jdk-19\bin"/>
    <property name="sun.java.command" value="C:\Users\Bilal\AppData\Local\Temp\surefire11748503572413839824\surefirebooter-20230101184949506_3.jar C:\Users\Bilal\AppData\Local\Temp\surefire11748503572413839824 2023-01-01T18-49-49_105-jvmRun1 surefire-20230101184949506_1tmp surefire_0-20230101184949506_2tmp"/>
    <property name="jdk.debug" value="release"/>
    <property name="surefire.test.class.path" value="C:\Users\Bilal\IdeaProjects\Restful-Booker_With_Rest_Assured\target\test-classes;C:\Users\Bilal\IdeaProjects\Restful-Booker_With_Rest_Assured\target\classes;C:\Users\Bilal\.m2\repository\io\rest-assured\rest-assured\4.3.3\rest-assured-4.3.3.jar;C:\Users\Bilal\.m2\repository\org\codehaus\groovy\groovy\3.0.7\groovy-3.0.7.jar;C:\Users\Bilal\.m2\repository\org\codehaus\groovy\groovy-xml\3.0.7\groovy-xml-3.0.7.jar;C:\Users\Bilal\.m2\repository\org\apache\httpcomponents\httpclient\4.5.3\httpclient-4.5.3.jar;C:\Users\Bilal\.m2\repository\org\apache\httpcomponents\httpcore\4.4.6\httpcore-4.4.6.jar;C:\Users\Bilal\.m2\repository\commons-logging\commons-logging\1.2\commons-logging-1.2.jar;C:\Users\Bilal\.m2\repository\commons-codec\commons-codec\1.9\commons-codec-1.9.jar;C:\Users\Bilal\.m2\repository\org\apache\httpcomponents\httpmime\4.5.3\httpmime-4.5.3.jar;C:\Users\Bilal\.m2\repository\org\hamcrest\hamcrest\2.1\hamcrest-2.1.jar;C:\Users\Bilal\.m2\repository\org\ccil\cowan\tagsoup\tagsoup\1.2.1\tagsoup-1.2.1.jar;C:\Users\Bilal\.m2\repository\io\rest-assured\json-path\4.3.3\json-path-4.3.3.jar;C:\Users\Bilal\.m2\repository\org\codehaus\groovy\groovy-json\3.0.7\groovy-json-3.0.7.jar;C:\Users\Bilal\.m2\repository\io\rest-assured\rest-assured-common\4.3.3\rest-assured-common-4.3.3.jar;C:\Users\Bilal\.m2\repository\io\rest-assured\xml-path\4.3.3\xml-path-4.3.3.jar;C:\Users\Bilal\.m2\repository\jakarta\xml\bind\jakarta.xml.bind-api\2.3.3\jakarta.xml.bind-api-2.3.3.jar;C:\Users\Bilal\.m2\repository\jakarta\activation\jakarta.activation-api\1.2.2\jakarta.activation-api-1.2.2.jar;C:\Users\Bilal\.m2\repository\com\sun\xml\bind\jaxb-impl\2.3.3\jaxb-impl-2.3.3.jar;C:\Users\Bilal\.m2\repository\junit\junit\4.13\junit-4.13.jar;C:\Users\Bilal\.m2\repository\org\hamcrest\hamcrest-core\1.3\hamcrest-core-1.3.jar;C:\Users\Bilal\.m2\repository\org\json\json\20190722\json-20190722.jar;C:\Users\Bilal\.m2\repository\com\google\code\gson\gson\2.9.0\gson-2.9.0.jar;C:\Users\Bilal\.m2\repository\org\projectlombok\lombok\1.18.22\lombok-1.18.22.jar;C:\Users\Bilal\.m2\repository\org\testng\testng\7.7.0\testng-7.7.0.jar;C:\Users\Bilal\.m2\repository\org\slf4j\slf4j-api\1.7.36\slf4j-api-1.7.36.jar;C:\Users\Bilal\.m2\repository\com\beust\jcommander\1.82\jcommander-1.82.jar;C:\Users\Bilal\.m2\repository\org\webjars\jquery\3.6.1\jquery-3.6.1.jar;C:\Users\Bilal\.m2\repository\com\github\javafaker\javafaker\1.0.2\javafaker-1.0.2.jar;C:\Users\Bilal\.m2\repository\org\apache\commons\commons-lang3\3.5\commons-lang3-3.5.jar;C:\Users\Bilal\.m2\repository\org\yaml\snakeyaml\1.23\snakeyaml-1.23-android.jar;C:\Users\Bilal\.m2\repository\com\github\mifmif\generex\1.0.2\generex-1.0.2.jar;C:\Users\Bilal\.m2\repository\dk\brics\automaton\automaton\1.11-8\automaton-1.11-8.jar;"/>
    <property name="sun.cpu.endian" value="little"/>
    <property name="user.home" value="C:\Users\Bilal"/>
    <property name="user.language" value="tr"/>
    <property name="java.specification.vendor" value="Oracle Corporation"/>
    <property name="java.version.date" value="2022-10-18"/>
    <property name="java.home" value="C:\Program Files\Java\jdk-19"/>
    <property name="file.separator" value="\"/>
    <property name="basedir" value="C:\Users\Bilal\IdeaProjects\Restful-Booker_With_Rest_Assured"/>
    <property name="java.vm.compressedOopsMode" value="Zero based"/>
    <property name="line.separator" value="&#10;"/>
    <property name="java.vm.specification.vendor" value="Oracle Corporation"/>
    <property name="java.specification.name" value="Java Platform API Specification"/>
    <property name="surefire.real.class.path" value="C:\Users\Bilal\AppData\Local\Temp\surefire11748503572413839824\surefirebooter-20230101184949506_3.jar"/>
    <property name="user.script" value=""/>
    <property name="sun.management.compiler" value="HotSpot 64-Bit Tiered Compilers"/>
    <property name="java.runtime.version" value="19.0.1+10-21"/>
    <property name="user.name" value="Bilal"/>
    <property name="stdout.encoding" value="Cp1254"/>
    <property name="path.separator" value=";"/>
    <property name="os.version" value="10.0"/>
    <property name="java.runtime.name" value="Java(TM) SE Runtime Environment"/>
    <property name="file.encoding" value="UTF-8"/>
    <property name="java.vm.name" value="Java HotSpot(TM) 64-Bit Server VM"/>
    <property name="localRepository" value="C:\Users\Bilal\.m2\repository"/>
    <property name="java.vendor.url.bug" value="https://bugreport.java.com/bugreport/"/>
    <property name="java.io.tmpdir" value="C:\Users\Bilal\AppData\Local\Temp\"/>
    <property name="java.version" value="19.0.1"/>
    <property name="user.dir" value="C:\Users\Bilal\IdeaProjects\Restful-Booker_With_Rest_Assured"/>
    <property name="os.arch" value="amd64"/>
    <property name="java.vm.specification.name" value="Java Virtual Machine Specification"/>
    <property name="sun.os.patch.level" value=""/>
    <property name="native.encoding" value="Cp1254"/>
    <property name="java.library.path" value="C:\Program Files\Java\jdk-19\bin;C:\WINDOWS\Sun\Java\bin;C:\WINDOWS\system32;C:\WINDOWS;C:\Program Files\Common Files\Oracle\Java\javapath;C:\Program Files (x86)\NVIDIA Corporation\PhysX\Common;C:\Program Files\apache-maven-3.8.6\bin;C:\Program Files (x86)\Common Files\Oracle\Java\javapath;C:\Users\Bilal\AppData\Local\Android\Sdk\platform-tools;C:\Users\Bilal\AppData\Local\Android\Sdk\tools;C:\Users\Bilal\AppData\Local\Android\Sdk\tools\bin;C:\Program Files\Java\jre1.8.0_341\bin;C:\WINDOWS\system32;C:\WINDOWS;C:\WINDOWS\System32\Wbem;C:\WINDOWS\System32\WindowsPowerShell\v1.0\;C:\WINDOWS\System32\OpenSSH\;C:\Program Files\Intel\WiFi\bin\;C:\Program Files\Common Files\Intel\WirelessCommon\;C:\Program Files\Calibre2\;C:\Program Files\Git\cmd;C:\Program Files\Microsoft SQL Server\120\Tools\Binn\;C:\Program Files\Microsoft SQL Server\Client SDK\ODBC\110\Tools\Binn\;C:\Program Files (x86)\Microsoft SQL Server\120\Tools\Binn\;C:\Program Files\Microsoft SQL Server\120\DTS\Binn\;C:\Program Files (x86)\Microsoft SQL Server\120\Tools\Binn\ManagementStudio\;C:\Program Files (x86)\Microsoft SQL Server\120\DTS\Binn\;C:\Program Files\Microsoft SQL Server\150\Tools\Binn\;C:\Program Files\dotnet\;C:\Program Files\nodejs\;C:\Users\Bilal\scoop\shims;C:\Users\Bilal\AppData\Local\Microsoft\WindowsApps;C:\Program Files\JetBrains\IntelliJ IDEA Community Edition 2022.2.1\bin;;C:\Program Files\JetBrains\PyCharm Community Edition 2022.2.2\bin;;C:\Users\Bilal\AppData\Local\GitHubDesktop\bin;C:\Users\Bilal\.dotnet\tools;C:\Users\Bilal\.dotnet\tools;C:\Users\Bilal\AppData\Roaming\npm;."/>
    <property name="java.vm.info" value="mixed mode, sharing"/>
    <property name="stderr.encoding" value="Cp1254"/>
    <property name="java.vendor" value="Oracle Corporation"/>
    <property name="java.vm.version" value="19.0.1+10-21"/>
    <property name="sun.io.unicode.encoding" value="UnicodeLittle"/>
    <property name="java.class.version" value="63.0"/>
  </properties>
  <testcase name="deleteBook" classname="test.API_Delete_Request" time="1.962">
    <system-err><![CDATA[SLF4J: Failed to load class "org.slf4j.impl.StaticLoggerBinder".
SLF4J: Defaulting to no-operation (NOP) logger implementation
SLF4J: See http://www.slf4j.org/codes.html#StaticLoggerBinder for further details.
]]></system-err>
  </testcase>
  <testcase name="getBook" classname="test.API_Get_Request" time="2.347">
    <system-out><![CDATA[{
    "firstname": "Sally",
    "lastname": "Smith",
    "totalprice": 797,
    "depositpaid": true,
    "bookingdates": {
        "checkin": "2017-12-17",
        "checkout": "2019-11-22"
    }
}
]]></system-out>
  </testcase>
  <testcase name="getBooks" classname="test.API_Get_Request" time="14.174">
    <system-out><![CDATA[{
    "firstname": "Sally",
    "additionalneeds": "Breakfast",
    "bookingdates": {
        "checkin": "2018-01-29",
        "checkout": "2020-01-17"
    },
    "totalprice": 889,
    "depositpaid": true,
    "bookingid": 1,
    "lastname": "Brown"
}
{
    "firstname": "Susan",
    "bookingdates": {
        "checkin": "2020-04-05",
        "checkout": "2022-02-16"
    },
    "totalprice": 562,
    "depositpaid": false,
    "bookingid": 2,
    "lastname": "Brown"
}
{
    "firstname": "Mary",
    "bookingdates": {
        "checkin": "2018-05-14",
        "checkout": "2018-08-12"
    },
    "totalprice": 372,
    "depositpaid": true,
    "bookingid": 3,
    "lastname": "Smith"
}
{
    "firstname": "Sally",
    "bookingdates": {
        "checkin": "2017-12-17",
        "checkout": "2019-11-22"
    },
    "totalprice": 797,
    "depositpaid": true,
    "bookingid": 5,
    "lastname": "Smith"
}
{
    "firstname": "Susan",
    "additionalneeds": "Breakfast",
    "bookingdates": {
        "checkin": "2018-12-17",
        "checkout": "2021-09-04"
    },
    "totalprice": 188,
    "depositpaid": true,
    "bookingid": 6,
    "lastname": "Smith"
}
{
    "firstname": "Mary",
    "additionalneeds": "Breakfast",
    "bookingdates": {
        "checkin": "2017-07-29",
        "checkout": "2017-08-23"
    },
    "totalprice": 120,
    "depositpaid": false,
    "bookingid": 7,
    "lastname": "Jackson"
}
{
    "firstname": "Sally",
    "additionalneeds": "Breakfast",
    "bookingdates": {
        "checkin": "2018-09-17",
        "checkout": "2022-03-08"
    },
    "totalprice": 914,
    "depositpaid": false,
    "bookingid": 8,
    "lastname": "Ericsson"
}
{
    "firstname": "Mary",
    "additionalneeds": "Breakfast",
    "bookingdates": {
        "checkin": "2015-05-11",
        "checkout": "2015-05-17"
    },
    "totalprice": 252,
    "depositpaid": true,
    "bookingid": 9,
    "lastname": "Brown"
}
{
    "firstname": "Sally",
    "bookingdates": {
        "checkin": "2016-07-13",
        "checkout": "2019-12-02"
    },
    "totalprice": 242,
    "depositpaid": true,
    "bookingid": 10,
    "lastname": "Smith"
}
]]></system-out>
  </testcase>
  <testcase name="updateBookWithPatch" classname="test.API_Patch_Request" time="1.732">
    <system-out><![CDATA[{
    "firstname": "Sally",
    "lastname": "Brown",
    "totalprice": 889,
    "depositpaid": true,
    "bookingdates": {
        "checkin": "2018-01-29",
        "checkout": "2020-01-17"
    },
    "additionalneeds": "Breakfast"
}
{
    "firstname": "Annabel",
    "lastname": "Hilpert",
    "totalprice": 374,
    "depositpaid": true,
    "bookingdates": {
        "checkin": "2022-12-19",
        "checkout": "2023-01-01"
    },
    "additionalneeds": "Breakfast"
}
]]></system-out>
  </testcase>
  <testcase name="createBook" classname="test.API_Post_Request" time="0.719">
    <system-out><![CDATA[{
    "bookingid": 4847,
    "booking": {
        "firstname": "Sidney",
        "lastname": "Luettgen",
        "totalprice": 1751,
        "depositpaid": true,
        "bookingdates": {
            "checkin": "2022-12-19",
            "checkout": "2023-01-03"
        },
        "additionalneeds": "Breakfast"
    }
}
]]></system-out>
  </testcase>
  <testcase name="updateBook" classname="test.API_Put_Request" time="1.524">
    <system-out><![CDATA[{
    "firstname": "Annabel",
    "lastname": "Hilpert",
    "totalprice": 374,
    "depositpaid": true,
    "bookingdates": {
        "checkin": "2022-12-19",
        "checkout": "2023-01-01"
    },
    "additionalneeds": "Breakfast"
}
{
    "firstname": "Frankie",
    "lastname": "Weber",
    "totalprice": 1816,
    "depositpaid": true,
    "bookingdates": {
        "checkin": "2022-12-24",
        "checkout": "2023-01-05"
    },
    "additionalneeds": "Breakfast"
}
]]></system-out>
  </testcase>
</testsuite>