<?xml version="1.0" encoding="UTF-8"?>
<!-- Generated by org.testng.reporters.JUnitReportReporter -->
<testsuite hostname="Bilal" failures="0" tests="1" name="test.API_Put_Request" time="1.569" errors="0" timestamp="2023-01-01T23:23:39 TRT" skipped="0">
  <testcase classname="test.API_Put_Request" name="updateBook" time="1.569"/>
  <system-out/>
</testsuite> <!-- test.API_Put_Request -->
