<?xml version="1.0" encoding="UTF-8"?>
<!-- Generated by org.testng.reporters.JUnitReportReporter -->
<testsuite hostname="Bilal" failures="0" tests="2" name="test.API_Get_Request" time="17.209" errors="0" timestamp="2023-01-01T23:23:39 TRT" skipped="0">
  <testcase classname="test.API_Get_Request" name="getBooks" time="14.902"/>
  <system-out/>
  <testcase classname="test.API_Get_Request" name="getBook" time="2.307"/>
  <system-out/>
</testsuite> <!-- test.API_Get_Request -->
