<?xml version="1.0" encoding="UTF-8"?>
<!-- Generated by org.testng.reporters.JUnitReportReporter -->
<testsuite hostname="Bilal" failures="0" tests="1" name="test.API_Post_Request" time="0.718" errors="0" timestamp="2023-01-01T18:50:13 TRT" skipped="0">
  <testcase classname="test.API_Post_Request" name="createBook" time="0.718"/>
  <system-out/>
</testsuite> <!-- test.API_Post_Request -->
