<?xml version="1.0" encoding="UTF-8"?>
<!-- Generated by org.testng.reporters.JUnitReportReporter -->
<testsuite hostname="Bilal" failures="0" tests="2" name="test.API_Get_Request" time="16.520" errors="0" timestamp="2023-01-01T18:50:13 TRT" skipped="0">
  <testcase classname="test.API_Get_Request" name="getBook" time="2.346"/>
  <system-out/>
  <testcase classname="test.API_Get_Request" name="getBooks" time="14.174"/>
  <system-out/>
</testsuite> <!-- test.API_Get_Request -->
